<?xml version="1.0" encoding="UTF-8"?>
<testng-results ignored="0" total="1" passed="1" failed="0" skipped="0">
  <reporter-output>
  </reporter-output>
  <suite started-at="2026-04-02T20:41:43 GMT+05:00" name="Command line suite" finished-at="2026-04-02T20:42:26 GMT+05:00" duration-ms="42503">
    <groups>
    </groups>
    <test started-at="2026-04-02T20:41:43 GMT+05:00" name="Command line test" finished-at="2026-04-02T20:42:26 GMT+05:00" duration-ms="42503">
      <class name="org.example.ClientPvzCashback">
        <test-method is-config="true" signature="setup()[pri:0, instance:org.example.ClientPvzCashback@2cf92cc7]" started-at="2026-04-02T20:41:43 GMT+05:00" name="setup" finished-at="2026-04-02T20:41:50 GMT+05:00" duration-ms="6491" status="PASS">
          <reporter-output>
          </reporter-output>
        </test-method> <!-- setup -->
        <test-method signature="test()[pri:0, instance:org.example.ClientPvzCashback@2cf92cc7]" started-at="2026-04-02T20:41:50 GMT+05:00" name="test" finished-at="2026-04-02T20:42:25 GMT+05:00" duration-ms="35281" status="PASS">
          <reporter-output>
          </reporter-output>
        </test-method> <!-- test -->
        <test-method is-config="true" signature="close()[pri:0, instance:org.example.ClientPvzCashback@2cf92cc7]" started-at="2026-04-02T20:42:25 GMT+05:00" name="close" finished-at="2026-04-02T20:42:26 GMT+05:00" duration-ms="730" status="PASS">
          <reporter-output>
          </reporter-output>
        </test-method> <!-- close -->
      </class> <!-- org.example.ClientPvzCashback -->
    </test> <!-- Command line test -->
  </suite> <!-- Command line suite -->
</testng-results>
